f:\c++2010\图像处理与识别（20171009）\image_processing(20171029)\image_processing\debug\image_processing.pch
f:\c++2010\图像处理与识别（20171009）\image_processing(20171029)\image_processing\debug\stdafx.obj
f:\c++2010\图像处理与识别（20171009）\image_processing(20171029)\image_processing\debug\vc100.pdb
f:\c++2010\图像处理与识别（20171009）\image_processing(20171029)\image_processing\debug\dgradation.obj
f:\c++2010\图像处理与识别（20171009）\image_processing(20171029)\image_processing\debug\grayscale.obj
f:\c++2010\图像处理与识别（20171009）\image_processing(20171029)\image_processing\debug\histogramimg.obj
f:\c++2010\图像处理与识别（20171009）\image_processing(20171029)\image_processing\debug\image_processing.obj
f:\c++2010\图像处理与识别（20171009）\image_processing(20171029)\image_processing\debug\image_processingdoc.obj
f:\c++2010\图像处理与识别（20171009）\image_processing(20171029)\image_processing\debug\image_processingview.obj
f:\c++2010\图像处理与识别（20171009）\image_processing(20171029)\image_processing\debug\imgoverlay.obj
f:\c++2010\图像处理与识别（20171009）\image_processing(20171029)\image_processing\debug\mainfrm.obj
f:\c++2010\图像处理与识别（20171009）\image_processing(20171029)\image_processing\debug\myimage_.obj
f:\c++2010\图像处理与识别（20171009）\image_processing(20171029)\image_processing\debug\templatesize.obj
f:\c++2010\图像处理与识别（20171009）\image_processing(20171029)\image_processing\debug\universaldlg.obj
f:\c++2010\图像处理与识别（20171009）\image_processing(20180115)\image_processing\debug\image_processing.pch
f:\c++2010\图像处理与识别（20171009）\image_processing(20180115)\image_processing\debug\stdafx.obj
f:\c++2010\图像处理与识别（20171009）\image_processing(20180115)\image_processing\debug\vc100.pdb
f:\c++2010\图像处理与识别（20171009）\image_processing(20180115)\image_processing\debug\dgradation.obj
f:\c++2010\图像处理与识别（20171009）\image_processing(20180115)\image_processing\debug\grayscale.obj
f:\c++2010\图像处理与识别（20171009）\image_processing(20180115)\image_processing\debug\histogramimg.obj
f:\c++2010\图像处理与识别（20171009）\image_processing(20180115)\image_processing\debug\image_processing.obj
f:\c++2010\图像处理与识别（20171009）\image_processing(20180115)\image_processing\debug\image_processingdoc.obj
f:\c++2010\图像处理与识别（20171009）\image_processing(20180115)\image_processing\debug\image_processingview.obj
f:\c++2010\图像处理与识别（20171009）\image_processing(20180115)\image_processing\debug\imgoverlay.obj
f:\c++2010\图像处理与识别（20171009）\image_processing(20180115)\image_processing\debug\mainfrm.obj
f:\c++2010\图像处理与识别（20171009）\image_processing(20180115)\image_processing\debug\myimage_.obj
f:\c++2010\图像处理与识别（20171009）\image_processing(20180115)\image_processing\debug\templatesize.obj
f:\c++2010\图像处理与识别（20171009）\image_processing(20180115)\image_processing\debug\universaldlg.obj
f:\c++2010\图像处理与识别（20171009）\image_processing(20180116)\image_processing\debug\image_processing.pch
f:\c++2010\图像处理与识别（20171009）\image_processing(20180116)\image_processing\debug\stdafx.obj
f:\c++2010\图像处理与识别（20171009）\image_processing(20180116)\image_processing\debug\vc100.pdb
f:\c++2010\图像处理与识别（20171009）\image_processing(20180116)\image_processing\debug\dgradation.obj
f:\c++2010\图像处理与识别（20171009）\image_processing(20180116)\image_processing\debug\grayscale.obj
f:\c++2010\图像处理与识别（20171009）\image_processing(20180116)\image_processing\debug\histogramimg.obj
f:\c++2010\图像处理与识别（20171009）\image_processing(20180116)\image_processing\debug\image_processing.obj
f:\c++2010\图像处理与识别（20171009）\image_processing(20180116)\image_processing\debug\image_processingdoc.obj
f:\c++2010\图像处理与识别（20171009）\image_processing(20180116)\image_processing\debug\imgoverlay.obj
f:\c++2010\图像处理与识别（20171009）\image_processing(20180116)\image_processing\debug\mainfrm.obj
f:\c++2010\图像处理与识别（20171009）\image_processing(20180116)\image_processing\debug\myimage_.obj
f:\c++2010\图像处理与识别（20171009）\image_processing(20180116)\image_processing\debug\templatesize.obj
f:\c++2010\图像处理与识别（20171009）\image_processing(20180116)\image_processing\debug\universaldlg.obj
f:\c++2010\图像处理与识别（20171009）\image_processing(20180116)\image_processing\debug\image_processingview.obj
f:\c++2010\图像处理与识别（20171009）\image_processing(20171029)\debug\image_processing.ilk
f:\c++2010\图像处理与识别（20171009）\image_processing(20171029)\debug\image_processing.exe
f:\c++2010\图像处理与识别（20171009）\image_processing(20171029)\image_processing\debug\image_processing.exe.intermediate.manifest
f:\c++2010\图像处理与识别（20171009）\image_processing(20171029)\debug\image_processing.pdb
f:\c++2010\图像处理与识别（20171009）\image_processing(20180116)\debug\image_processing.ilk
f:\c++2010\图像处理与识别（20171009）\image_processing(20180116)\debug\image_processing.exe
f:\c++2010\图像处理与识别（20171009）\image_processing(20180116)\image_processing\debug\image_processing.exe.intermediate.manifest
f:\c++2010\图像处理与识别（20171009）\image_processing(20180116)\debug\image_processing.pdb
f:\c++2010\图像处理与识别（20171009）\image_processing(20171029)\image_processing\debug\image_processing.exe.embed.manifest
f:\c++2010\图像处理与识别（20171009）\image_processing(20171029)\image_processing\debug\image_processing.exe.embed.manifest.res
f:\c++2010\图像处理与识别（20171009）\image_processing(20171029)\image_processing\debug\image_processing.res
f:\c++2010\图像处理与识别（20171009）\image_processing(20180115)\image_processing\debug\image_processing.res
f:\c++2010\图像处理与识别（20171009）\image_processing(20180115)\image_processing\debug\image_processing.exe.embed.manifest.res
f:\c++2010\图像处理与识别（20171009）\image_processing(20180116)\image_processing\debug\image_processing.exe.embed.manifest.res
f:\c++2010\图像处理与识别（20171009）\image_processing(20180116)\image_processing\debug\image_processing.res
c:\users\administrator\desktop\c++2010\图像处理与识别(新)\image_processing\image_processing\debug\image_processing.pch
c:\users\administrator\desktop\c++2010\图像处理与识别(新)\image_processing\image_processing\debug\vc120.pdb
c:\users\administrator\desktop\c++2010\图像处理与识别(新)\image_processing\image_processing\debug\vc120.idb
c:\users\administrator\desktop\c++2010\图像处理与识别(新)\image_processing\image_processing\debug\stdafx.obj
c:\users\administrator\desktop\c++2010\图像处理与识别(新)\image_processing\image_processing\debug\dialogshow.obj
c:\users\administrator\desktop\c++2010\图像处理与识别(新)\image_processing\image_processing\debug\image_processing.obj
c:\users\administrator\desktop\c++2010\图像处理与识别(新)\image_processing\image_processing\debug\image_processingdoc.obj
c:\users\administrator\desktop\c++2010\图像处理与识别(新)\image_processing\image_processing\debug\image_processingview.obj
c:\users\administrator\desktop\c++2010\图像处理与识别(新)\image_processing\image_processing\debug\mainfrm.obj
c:\users\administrator\desktop\c++2010\图像处理与识别(新)\image_processing\image_processing\debug\myimage_.obj
f:\c++2010\图像处理与识别（20171009）\image_processing(zyx)\image_processing\debug\image_processing.pch
f:\c++2010\图像处理与识别（20171009）\image_processing(zyx)\image_processing\debug\vc140.pdb
f:\c++2010\图像处理与识别（20171009）\image_processing(zyx)\image_processing\debug\vc140.idb
f:\c++2010\图像处理与识别（20171009）\image_processing(zyx)\image_processing\debug\stdafx.obj
f:\c++2010\图像处理与识别（20171009）\image_processing(zyx)\image_processing\debug\dgradation.obj
f:\c++2010\图像处理与识别（20171009）\image_processing(zyx)\image_processing\debug\grayscale.obj
f:\c++2010\图像处理与识别（20171009）\image_processing(zyx)\image_processing\debug\histogramimg.obj
f:\c++2010\图像处理与识别（20171009）\image_processing(zyx)\image_processing\debug\image_processing.obj
f:\c++2010\图像处理与识别（20171009）\image_processing(zyx)\image_processing\debug\image_processingdoc.obj
f:\c++2010\图像处理与识别（20171009）\image_processing(zyx)\image_processing\debug\image_processingview.obj
f:\c++2010\图像处理与识别（20171009）\image_processing(zyx)\image_processing\debug\imgoverlay.obj
f:\c++2010\图像处理与识别（20171009）\image_processing(zyx)\image_processing\debug\mainfrm.obj
f:\c++2010\图像处理与识别（20171009）\image_processing(zyx)\image_processing\debug\myimage_.obj
f:\c++2010\图像处理与识别（20171009）\image_processing(zyx)\image_processing\debug\templatesize.obj
f:\c++2010\图像处理与识别（20171009）\image_processing(zyx)\image_processing\debug\universaldlg.obj
c:\users\administrator\desktop\c++2010\图像处理与识别(新)\image_processing\debug\image_processing.ilk
c:\users\administrator\desktop\c++2010\图像处理与识别(新)\image_processing\debug\image_processing.exe
c:\users\administrator\desktop\c++2010\图像处理与识别(新)\image_processing\debug\image_processing.pdb
c:\users\administrator\desktop\c++2010\图像处理与识别(新)\image_processing\image_processing\debug\image_processing.res
f:\c++2010\图像处理与识别（20171009）\image_processing(zyx)\image_processing\debug\image_processing.res
f:\c++2010\图像处理与识别（20171009）\image_processing(zyx)\image_processing\debug\image_processing.vcxprojresolveassemblyreference.cache
f:\c++2010\图像处理与识别（20171009）\image_processing(zyx)\image_processing\debug\cl.command.1.tlog
f:\c++2010\图像处理与识别（20171009）\image_processing(zyx)\image_processing\debug\cl.read.1.tlog
f:\c++2010\图像处理与识别（20171009）\image_processing(zyx)\image_processing\debug\cl.write.1.tlog
f:\c++2010\图像处理与识别（20171009）\image_processing(zyx)\image_processing\debug\image_processing.write.1.tlog
f:\c++2010\图像处理与识别（20171009）\image_processing(zyx)\image_processing\debug\link-cvtres.read.1.tlog
f:\c++2010\图像处理与识别（20171009）\image_processing(zyx)\image_processing\debug\link-cvtres.write.1.tlog
f:\c++2010\图像处理与识别（20171009）\image_processing(zyx)\image_processing\debug\link.1032-cvtres.read.1.tlog
f:\c++2010\图像处理与识别（20171009）\image_processing(zyx)\image_processing\debug\link.1032-cvtres.write.1.tlog
f:\c++2010\图像处理与识别（20171009）\image_processing(zyx)\image_processing\debug\link.1032.read.1.tlog
f:\c++2010\图像处理与识别（20171009）\image_processing(zyx)\image_processing\debug\link.1032.write.1.tlog
f:\c++2010\图像处理与识别（20171009）\image_processing(zyx)\image_processing\debug\link.1136-cvtres.read.1.tlog
f:\c++2010\图像处理与识别（20171009）\image_processing(zyx)\image_processing\debug\link.1136-cvtres.write.1.tlog
f:\c++2010\图像处理与识别（20171009）\image_processing(zyx)\image_processing\debug\link.1136.read.1.tlog
f:\c++2010\图像处理与识别（20171009）\image_processing(zyx)\image_processing\debug\link.1136.write.1.tlog
f:\c++2010\图像处理与识别（20171009）\image_processing(zyx)\image_processing\debug\link.3524-cvtres.read.1.tlog
f:\c++2010\图像处理与识别（20171009）\image_processing(zyx)\image_processing\debug\link.3524-cvtres.write.1.tlog
f:\c++2010\图像处理与识别（20171009）\image_processing(zyx)\image_processing\debug\link.3524.read.1.tlog
f:\c++2010\图像处理与识别（20171009）\image_processing(zyx)\image_processing\debug\link.3524.write.1.tlog
f:\c++2010\图像处理与识别（20171009）\image_processing(zyx)\image_processing\debug\link.3796-cvtres.read.1.tlog
f:\c++2010\图像处理与识别（20171009）\image_processing(zyx)\image_processing\debug\link.3796-cvtres.write.1.tlog
f:\c++2010\图像处理与识别（20171009）\image_processing(zyx)\image_processing\debug\link.3796.read.1.tlog
f:\c++2010\图像处理与识别（20171009）\image_processing(zyx)\image_processing\debug\link.3796.write.1.tlog
f:\c++2010\图像处理与识别（20171009）\image_processing(zyx)\image_processing\debug\link.3852-cvtres.read.1.tlog
f:\c++2010\图像处理与识别（20171009）\image_processing(zyx)\image_processing\debug\link.3852-cvtres.write.1.tlog
f:\c++2010\图像处理与识别（20171009）\image_processing(zyx)\image_processing\debug\link.3852.read.1.tlog
f:\c++2010\图像处理与识别（20171009）\image_processing(zyx)\image_processing\debug\link.3852.write.1.tlog
f:\c++2010\图像处理与识别（20171009）\image_processing(zyx)\image_processing\debug\link.4732-cvtres.read.1.tlog
f:\c++2010\图像处理与识别（20171009）\image_processing(zyx)\image_processing\debug\link.4732-cvtres.write.1.tlog
f:\c++2010\图像处理与识别（20171009）\image_processing(zyx)\image_processing\debug\link.4732.read.1.tlog
f:\c++2010\图像处理与识别（20171009）\image_processing(zyx)\image_processing\debug\link.4732.write.1.tlog
f:\c++2010\图像处理与识别（20171009）\image_processing(zyx)\image_processing\debug\link.5092-cvtres.read.1.tlog
f:\c++2010\图像处理与识别（20171009）\image_processing(zyx)\image_processing\debug\link.5092-cvtres.write.1.tlog
f:\c++2010\图像处理与识别（20171009）\image_processing(zyx)\image_processing\debug\link.5092.read.1.tlog
f:\c++2010\图像处理与识别（20171009）\image_processing(zyx)\image_processing\debug\link.5092.write.1.tlog
f:\c++2010\图像处理与识别（20171009）\image_processing(zyx)\image_processing\debug\link.5152-cvtres.read.1.tlog
f:\c++2010\图像处理与识别（20171009）\image_processing(zyx)\image_processing\debug\link.5152-cvtres.write.1.tlog
f:\c++2010\图像处理与识别（20171009）\image_processing(zyx)\image_processing\debug\link.5152.read.1.tlog
f:\c++2010\图像处理与识别（20171009）\image_processing(zyx)\image_processing\debug\link.5152.write.1.tlog
f:\c++2010\图像处理与识别（20171009）\image_processing(zyx)\image_processing\debug\link.5244-cvtres.read.1.tlog
f:\c++2010\图像处理与识别（20171009）\image_processing(zyx)\image_processing\debug\link.5244-cvtres.write.1.tlog
f:\c++2010\图像处理与识别（20171009）\image_processing(zyx)\image_processing\debug\link.5244.read.1.tlog
f:\c++2010\图像处理与识别（20171009）\image_processing(zyx)\image_processing\debug\link.5244.write.1.tlog
f:\c++2010\图像处理与识别（20171009）\image_processing(zyx)\image_processing\debug\link.5296-cvtres.read.1.tlog
f:\c++2010\图像处理与识别（20171009）\image_processing(zyx)\image_processing\debug\link.5296-cvtres.write.1.tlog
f:\c++2010\图像处理与识别（20171009）\image_processing(zyx)\image_processing\debug\link.5296.read.1.tlog
f:\c++2010\图像处理与识别（20171009）\image_processing(zyx)\image_processing\debug\link.5296.write.1.tlog
f:\c++2010\图像处理与识别（20171009）\image_processing(zyx)\image_processing\debug\link.5320-cvtres.read.1.tlog
f:\c++2010\图像处理与识别（20171009）\image_processing(zyx)\image_processing\debug\link.5320-cvtres.write.1.tlog
f:\c++2010\图像处理与识别（20171009）\image_processing(zyx)\image_processing\debug\link.5320.read.1.tlog
f:\c++2010\图像处理与识别（20171009）\image_processing(zyx)\image_processing\debug\link.5320.write.1.tlog
f:\c++2010\图像处理与识别（20171009）\image_processing(zyx)\image_processing\debug\link.5368-cvtres.read.1.tlog
f:\c++2010\图像处理与识别（20171009）\image_processing(zyx)\image_processing\debug\link.5368-cvtres.write.1.tlog
f:\c++2010\图像处理与识别（20171009）\image_processing(zyx)\image_processing\debug\link.5368.read.1.tlog
f:\c++2010\图像处理与识别（20171009）\image_processing(zyx)\image_processing\debug\link.5368.write.1.tlog
f:\c++2010\图像处理与识别（20171009）\image_processing(zyx)\image_processing\debug\link.5564-cvtres.read.1.tlog
f:\c++2010\图像处理与识别（20171009）\image_processing(zyx)\image_processing\debug\link.5564-cvtres.write.1.tlog
f:\c++2010\图像处理与识别（20171009）\image_processing(zyx)\image_processing\debug\link.5564.read.1.tlog
f:\c++2010\图像处理与识别（20171009）\image_processing(zyx)\image_processing\debug\link.5564.write.1.tlog
f:\c++2010\图像处理与识别（20171009）\image_processing(zyx)\image_processing\debug\link.5576-cvtres.read.1.tlog
f:\c++2010\图像处理与识别（20171009）\image_processing(zyx)\image_processing\debug\link.5576-cvtres.write.1.tlog
f:\c++2010\图像处理与识别（20171009）\image_processing(zyx)\image_processing\debug\link.5576.read.1.tlog
f:\c++2010\图像处理与识别（20171009）\image_processing(zyx)\image_processing\debug\link.5576.write.1.tlog
f:\c++2010\图像处理与识别（20171009）\image_processing(zyx)\image_processing\debug\link.5696-cvtres.read.1.tlog
f:\c++2010\图像处理与识别（20171009）\image_processing(zyx)\image_processing\debug\link.5696-cvtres.write.1.tlog
f:\c++2010\图像处理与识别（20171009）\image_processing(zyx)\image_processing\debug\link.5696.read.1.tlog
f:\c++2010\图像处理与识别（20171009）\image_processing(zyx)\image_processing\debug\link.5696.write.1.tlog
f:\c++2010\图像处理与识别（20171009）\image_processing(zyx)\image_processing\debug\link.6072-cvtres.read.1.tlog
f:\c++2010\图像处理与识别（20171009）\image_processing(zyx)\image_processing\debug\link.6072-cvtres.write.1.tlog
f:\c++2010\图像处理与识别（20171009）\image_processing(zyx)\image_processing\debug\link.6072.read.1.tlog
f:\c++2010\图像处理与识别（20171009）\image_processing(zyx)\image_processing\debug\link.6072.write.1.tlog
f:\c++2010\图像处理与识别（20171009）\image_processing(zyx)\image_processing\debug\link.6264-cvtres.read.1.tlog
f:\c++2010\图像处理与识别（20171009）\image_processing(zyx)\image_processing\debug\link.6264-cvtres.write.1.tlog
f:\c++2010\图像处理与识别（20171009）\image_processing(zyx)\image_processing\debug\link.6264.read.1.tlog
f:\c++2010\图像处理与识别（20171009）\image_processing(zyx)\image_processing\debug\link.6264.write.1.tlog
f:\c++2010\图像处理与识别（20171009）\image_processing(zyx)\image_processing\debug\link.6332-cvtres.read.1.tlog
f:\c++2010\图像处理与识别（20171009）\image_processing(zyx)\image_processing\debug\link.6332-cvtres.write.1.tlog
f:\c++2010\图像处理与识别（20171009）\image_processing(zyx)\image_processing\debug\link.6332.read.1.tlog
f:\c++2010\图像处理与识别（20171009）\image_processing(zyx)\image_processing\debug\link.6332.write.1.tlog
f:\c++2010\图像处理与识别（20171009）\image_processing(zyx)\image_processing\debug\link.6348-cvtres.read.1.tlog
f:\c++2010\图像处理与识别（20171009）\image_processing(zyx)\image_processing\debug\link.6348-cvtres.write.1.tlog
f:\c++2010\图像处理与识别（20171009）\image_processing(zyx)\image_processing\debug\link.6348.read.1.tlog
f:\c++2010\图像处理与识别（20171009）\image_processing(zyx)\image_processing\debug\link.6348.write.1.tlog
f:\c++2010\图像处理与识别（20171009）\image_processing(zyx)\image_processing\debug\link.6392-cvtres.read.1.tlog
f:\c++2010\图像处理与识别（20171009）\image_processing(zyx)\image_processing\debug\link.6392-cvtres.write.1.tlog
f:\c++2010\图像处理与识别（20171009）\image_processing(zyx)\image_processing\debug\link.6392.read.1.tlog
f:\c++2010\图像处理与识别（20171009）\image_processing(zyx)\image_processing\debug\link.6392.write.1.tlog
f:\c++2010\图像处理与识别（20171009）\image_processing(zyx)\image_processing\debug\link.6404-cvtres.read.1.tlog
f:\c++2010\图像处理与识别（20171009）\image_processing(zyx)\image_processing\debug\link.6404-cvtres.write.1.tlog
f:\c++2010\图像处理与识别（20171009）\image_processing(zyx)\image_processing\debug\link.6404.read.1.tlog
f:\c++2010\图像处理与识别（20171009）\image_processing(zyx)\image_processing\debug\link.6404.write.1.tlog
f:\c++2010\图像处理与识别（20171009）\image_processing(zyx)\image_processing\debug\link.6436-cvtres.read.1.tlog
f:\c++2010\图像处理与识别（20171009）\image_processing(zyx)\image_processing\debug\link.6436-cvtres.write.1.tlog
f:\c++2010\图像处理与识别（20171009）\image_processing(zyx)\image_processing\debug\link.6436.read.1.tlog
f:\c++2010\图像处理与识别（20171009）\image_processing(zyx)\image_processing\debug\link.6436.write.1.tlog
f:\c++2010\图像处理与识别（20171009）\image_processing(zyx)\image_processing\debug\link.6512-cvtres.read.1.tlog
f:\c++2010\图像处理与识别（20171009）\image_processing(zyx)\image_processing\debug\link.6512-cvtres.write.1.tlog
f:\c++2010\图像处理与识别（20171009）\image_processing(zyx)\image_processing\debug\link.6512.read.1.tlog
f:\c++2010\图像处理与识别（20171009）\image_processing(zyx)\image_processing\debug\link.6512.write.1.tlog
f:\c++2010\图像处理与识别（20171009）\image_processing(zyx)\image_processing\debug\link.6620-cvtres.read.1.tlog
f:\c++2010\图像处理与识别（20171009）\image_processing(zyx)\image_processing\debug\link.6620-cvtres.write.1.tlog
f:\c++2010\图像处理与识别（20171009）\image_processing(zyx)\image_processing\debug\link.6620.read.1.tlog
f:\c++2010\图像处理与识别（20171009）\image_processing(zyx)\image_processing\debug\link.6620.write.1.tlog
f:\c++2010\图像处理与识别（20171009）\image_processing(zyx)\image_processing\debug\link.6744-cvtres.read.1.tlog
f:\c++2010\图像处理与识别（20171009）\image_processing(zyx)\image_processing\debug\link.6744-cvtres.write.1.tlog
f:\c++2010\图像处理与识别（20171009）\image_processing(zyx)\image_processing\debug\link.6744.read.1.tlog
f:\c++2010\图像处理与识别（20171009）\image_processing(zyx)\image_processing\debug\link.6744.write.1.tlog
f:\c++2010\图像处理与识别（20171009）\image_processing(zyx)\image_processing\debug\link.6828-cvtres.read.1.tlog
f:\c++2010\图像处理与识别（20171009）\image_processing(zyx)\image_processing\debug\link.6828-cvtres.write.1.tlog
f:\c++2010\图像处理与识别（20171009）\image_processing(zyx)\image_processing\debug\link.6828.read.1.tlog
f:\c++2010\图像处理与识别（20171009）\image_processing(zyx)\image_processing\debug\link.6828.write.1.tlog
f:\c++2010\图像处理与识别（20171009）\image_processing(zyx)\image_processing\debug\link.684-cvtres.read.1.tlog
f:\c++2010\图像处理与识别（20171009）\image_processing(zyx)\image_processing\debug\link.684-cvtres.write.1.tlog
f:\c++2010\图像处理与识别（20171009）\image_processing(zyx)\image_processing\debug\link.684.read.1.tlog
f:\c++2010\图像处理与识别（20171009）\image_processing(zyx)\image_processing\debug\link.684.write.1.tlog
f:\c++2010\图像处理与识别（20171009）\image_processing(zyx)\image_processing\debug\link.6988-cvtres.read.1.tlog
f:\c++2010\图像处理与识别（20171009）\image_processing(zyx)\image_processing\debug\link.6988-cvtres.write.1.tlog
f:\c++2010\图像处理与识别（20171009）\image_processing(zyx)\image_processing\debug\link.6988.read.1.tlog
f:\c++2010\图像处理与识别（20171009）\image_processing(zyx)\image_processing\debug\link.6988.write.1.tlog
f:\c++2010\图像处理与识别（20171009）\image_processing(zyx)\image_processing\debug\link.7016-cvtres.read.1.tlog
f:\c++2010\图像处理与识别（20171009）\image_processing(zyx)\image_processing\debug\link.7016-cvtres.write.1.tlog
f:\c++2010\图像处理与识别（20171009）\image_processing(zyx)\image_processing\debug\link.7016.read.1.tlog
f:\c++2010\图像处理与识别（20171009）\image_processing(zyx)\image_processing\debug\link.7016.write.1.tlog
f:\c++2010\图像处理与识别（20171009）\image_processing(zyx)\image_processing\debug\link.7276-cvtres.read.1.tlog
f:\c++2010\图像处理与识别（20171009）\image_processing(zyx)\image_processing\debug\link.7276-cvtres.write.1.tlog
f:\c++2010\图像处理与识别（20171009）\image_processing(zyx)\image_processing\debug\link.7276.read.1.tlog
f:\c++2010\图像处理与识别（20171009）\image_processing(zyx)\image_processing\debug\link.7276.write.1.tlog
f:\c++2010\图像处理与识别（20171009）\image_processing(zyx)\image_processing\debug\link.7540-cvtres.read.1.tlog
f:\c++2010\图像处理与识别（20171009）\image_processing(zyx)\image_processing\debug\link.7540-cvtres.write.1.tlog
f:\c++2010\图像处理与识别（20171009）\image_processing(zyx)\image_processing\debug\link.7540.read.1.tlog
f:\c++2010\图像处理与识别（20171009）\image_processing(zyx)\image_processing\debug\link.7540.write.1.tlog
f:\c++2010\图像处理与识别（20171009）\image_processing(zyx)\image_processing\debug\link.7696-cvtres.read.1.tlog
f:\c++2010\图像处理与识别（20171009）\image_processing(zyx)\image_processing\debug\link.7696-cvtres.write.1.tlog
f:\c++2010\图像处理与识别（20171009）\image_processing(zyx)\image_processing\debug\link.7696.read.1.tlog
f:\c++2010\图像处理与识别（20171009）\image_processing(zyx)\image_processing\debug\link.7696.write.1.tlog
f:\c++2010\图像处理与识别（20171009）\image_processing(zyx)\image_processing\debug\link.7716-cvtres.read.1.tlog
f:\c++2010\图像处理与识别（20171009）\image_processing(zyx)\image_processing\debug\link.7716-cvtres.write.1.tlog
f:\c++2010\图像处理与识别（20171009）\image_processing(zyx)\image_processing\debug\link.7716.read.1.tlog
f:\c++2010\图像处理与识别（20171009）\image_processing(zyx)\image_processing\debug\link.7716.write.1.tlog
f:\c++2010\图像处理与识别（20171009）\image_processing(zyx)\image_processing\debug\link.8096-cvtres.read.1.tlog
f:\c++2010\图像处理与识别（20171009）\image_processing(zyx)\image_processing\debug\link.8096-cvtres.write.1.tlog
f:\c++2010\图像处理与识别（20171009）\image_processing(zyx)\image_processing\debug\link.8096.read.1.tlog
f:\c++2010\图像处理与识别（20171009）\image_processing(zyx)\image_processing\debug\link.8096.write.1.tlog
f:\c++2010\图像处理与识别（20171009）\image_processing(zyx)\image_processing\debug\link.8652-cvtres.read.1.tlog
f:\c++2010\图像处理与识别（20171009）\image_processing(zyx)\image_processing\debug\link.8652-cvtres.write.1.tlog
f:\c++2010\图像处理与识别（20171009）\image_processing(zyx)\image_processing\debug\link.8652.read.1.tlog
f:\c++2010\图像处理与识别（20171009）\image_processing(zyx)\image_processing\debug\link.8652.write.1.tlog
f:\c++2010\图像处理与识别（20171009）\image_processing(zyx)\image_processing\debug\link.8700-cvtres.read.1.tlog
f:\c++2010\图像处理与识别（20171009）\image_processing(zyx)\image_processing\debug\link.8700-cvtres.write.1.tlog
f:\c++2010\图像处理与识别（20171009）\image_processing(zyx)\image_processing\debug\link.8700.read.1.tlog
f:\c++2010\图像处理与识别（20171009）\image_processing(zyx)\image_processing\debug\link.8700.write.1.tlog
f:\c++2010\图像处理与识别（20171009）\image_processing(zyx)\image_processing\debug\link.8912-cvtres.read.1.tlog
f:\c++2010\图像处理与识别（20171009）\image_processing(zyx)\image_processing\debug\link.8912-cvtres.write.1.tlog
f:\c++2010\图像处理与识别（20171009）\image_processing(zyx)\image_processing\debug\link.8912.read.1.tlog
f:\c++2010\图像处理与识别（20171009）\image_processing(zyx)\image_processing\debug\link.8912.write.1.tlog
f:\c++2010\图像处理与识别（20171009）\image_processing(zyx)\image_processing\debug\link.command.1.tlog
f:\c++2010\图像处理与识别（20171009）\image_processing(zyx)\image_processing\debug\link.read.1.tlog
f:\c++2010\图像处理与识别（20171009）\image_processing(zyx)\image_processing\debug\link.write.1.tlog
f:\c++2010\图像处理与识别（20171009）\image_processing(zyx)\image_processing\debug\mt.command.1.tlog
f:\c++2010\图像处理与识别（20171009）\image_processing(zyx)\image_processing\debug\mt.read.1.tlog
f:\c++2010\图像处理与识别（20171009）\image_processing(zyx)\image_processing\debug\mt.write.1.tlog
f:\c++2010\图像处理与识别（20171009）\image_processing(zyx)\image_processing\debug\rc.command.1.tlog
f:\c++2010\图像处理与识别（20171009）\image_processing(zyx)\image_processing\debug\rc.read.1.tlog
f:\c++2010\图像处理与识别（20171009）\image_processing(zyx)\image_processing\debug\rc.write.1.tlog
f:\c++2010\图像处理与识别（20171009）\image_processing(zyx)\image_processing\debug\image_processing.exe.embed.manifest
f:\c++2010\图像处理与识别（20171009）\image_processing(zyx)\image_processing\debug\image_processing.exe.intermediate.manifest
f:\c++2010\图像处理与识别（20171009）\image_processing(zyx)\image_processing\debug\image_processing.exe.embed.manifest.res
f:\c++2010\图像处理与识别（20171009）\image_processing(zyx)\image_processing\debug\vc100.idb
f:\c++2010\图像处理与识别（20171009）\image_processing(zyx)\image_processing\debug\vc100.pdb
f:\c++2010\图像处理与识别（20171009）\image_processing(zyx)\image_processing\debug\image_processing_manifest.rc
f:\c++2010\图像处理与识别（20171009）\image_processing(zyx)\image_processing\debug\image_processing.tlog\cl.command.1.tlog
f:\c++2010\图像处理与识别（20171009）\image_processing(zyx)\image_processing\debug\image_processing.tlog\cl.read.1.tlog
f:\c++2010\图像处理与识别（20171009）\image_processing(zyx)\image_processing\debug\image_processing.tlog\cl.write.1.tlog
f:\c++2010\图像处理与识别（20171009）\image_processing(zyx)\image_processing\debug\image_processing.tlog\link-cvtres.read.1.tlog
f:\c++2010\图像处理与识别（20171009）\image_processing(zyx)\image_processing\debug\image_processing.tlog\link-cvtres.write.1.tlog
f:\c++2010\图像处理与识别（20171009）\image_processing(zyx)\image_processing\debug\image_processing.tlog\link-mt.read.1.tlog
f:\c++2010\图像处理与识别（20171009）\image_processing(zyx)\image_processing\debug\image_processing.tlog\link-mt.write.1.tlog
f:\c++2010\图像处理与识别（20171009）\image_processing(zyx)\image_processing\debug\image_processing.tlog\link-rc.read.1.tlog
f:\c++2010\图像处理与识别（20171009）\image_processing(zyx)\image_processing\debug\image_processing.tlog\link-rc.write.1.tlog
f:\c++2010\图像处理与识别（20171009）\image_processing(zyx)\image_processing\debug\image_processing.tlog\link.command.1.tlog
f:\c++2010\图像处理与识别（20171009）\image_processing(zyx)\image_processing\debug\image_processing.tlog\link.read.1.tlog
f:\c++2010\图像处理与识别（20171009）\image_processing(zyx)\image_processing\debug\image_processing.tlog\link.write.1.tlog
f:\c++2010\图像处理与识别（20171009）\image_processing(zyx)\image_processing\debug\image_processing.tlog\rc.command.1.tlog
f:\c++2010\图像处理与识别（20171009）\image_processing(zyx)\image_processing\debug\image_processing.tlog\rc.read.1.tlog
f:\c++2010\图像处理与识别（20171009）\image_processing(zyx)\image_processing\debug\image_processing.tlog\rc.write.1.tlog
